#
# There is insufficient memory for the Java Runtime Environment to continue.
# Native memory allocation (mmap) failed to map 1431830528 bytes for committing reserved memory.
# Possible reasons:
#   The system is out of physical RAM or swap space
#   The process is running with CompressedOops enabled, and the Java Heap may be blocking the growth of the native heap
# Possible solutions:
#   Reduce memory load on the system
#   Increase physical memory or swap space
#   Check if swap backing store is full
#   Decrease Java heap size (-Xmx/-Xms)
#   Decrease number of Java threads
#   Decrease Java thread stack sizes (-Xss)
#   Set larger code cache with -XX:ReservedCodeCacheSize=
# This output file may be truncated or incomplete.
#
#  Out of Memory Error (os_linux.cpp:2799), pid=9157, tid=0x00007f6b52e35700
#
# JRE version:  (8.0_282-b08) (build )
# Java VM: OpenJDK 64-Bit Server VM (25.282-b08 mixed mode linux-amd64 compressed oops)
# Failed to write core dump. Core dumps have been disabled. To enable core dumping, try "ulimit -c unlimited" before starting Java again
#

---------------  T H R E A D  ---------------

Current thread (0x00007f6b4c04d800):  JavaThread "Unknown thread" [_thread_in_vm, id=9167, stack(0x00007f6b52d36000,0x00007f6b52e36000)]

Stack: [0x00007f6b52d36000,0x00007f6b52e36000],  sp=0x00007f6b52e34600,  free space=1017k
Native frames: (J=compiled Java code, j=interpreted, Vv=VM code, C=native code)
V  [libjvm.so+0xb5db9d]  VMError::report_and_die()+0x15d
V  [libjvm.so+0x5079aa]  report_vm_out_of_memory(char const*, int, unsigned long, VMErrorType, char const*)+0xaa
V  [libjvm.so+0x93fe38]  os::pd_commit_memory(char*, unsigned long, unsigned long, bool)+0xd8
V  [libjvm.so+0x9379ce]  os::commit_memory(char*, unsigned long, unsigned long, bool)+0x2e
V  [libjvm.so+0x9b74cb]  PSVirtualSpace::expand_by(unsigned long)+0x5b
V  [libjvm.so+0x9a8868]  PSOldGen::initialize(ReservedSpace, unsigned long, char const*, int)+0xa8
V  [libjvm.so+0x2f2cc3]  AdjoiningGenerations::AdjoiningGenerations(ReservedSpace, GenerationSizer*, unsigned long)+0x373
V  [libjvm.so+0x967cf0]  ParallelScavengeHeap::initialize()+0x220
V  [libjvm.so+0xb269e9]  Universe::initialize_heap()+0x159
V  [libjvm.so+0xb26c92]  universe_init()+0x42
V  [libjvm.so+0x643495]  init_globals()+0x65
V  [libjvm.so+0xb08eff]  Threads::create_vm(JavaVMInitArgs*, bool*)+0x29f
V  [libjvm.so+0x71608d]  JNI_CreateJavaVM+0x5d
C  [libjli.so+0x3043]  JavaMain+0xa3
C  [libpthread.so.0+0x7ea5]  start_thread+0xc5


---------------  P R O C E S S  ---------------

Java Threads: ( => current thread )

Other Threads:

=>0x00007f6b4c04d800 (exited) JavaThread "Unknown thread" [_thread_in_vm, id=9167, stack(0x00007f6b52d36000,0x00007f6b52e36000)]

VM state:not at safepoint (not fully initialized)

VM Mutex/Monitor currently owned by a thread: None

heap address: 0x0000000080000000, size: 2048 MB, Compressed Oops mode: Non-zero based:0x000000007ffff000
Narrow klass base: 0x0000000000000000, Narrow klass shift: 0

GC Heap History (0 events):
No events

Deoptimization events (0 events):
No events

Classes redefined (0 events):
No events

Internal exceptions (0 events):
No events

Events (0 events):
No events


Dynamic libraries:
d5580000-100000000 rw-p 00000000 00:00 0 
564c524ff000-564c52500000 r-xp 00000000 08:01 1754595                    /usr/lib/jvm/java-1.8.0-openjdk-1.8.0.282.b08-1.el7_9.x86_64/bin/java
564c526ff000-564c52700000 r--p 00000000 08:01 1754595                    /usr/lib/jvm/java-1.8.0-openjdk-1.8.0.282.b08-1.el7_9.x86_64/bin/java
564c52700000-564c52701000 rw-p 00001000 08:01 1754595                    /usr/lib/jvm/java-1.8.0-openjdk-1.8.0.282.b08-1.el7_9.x86_64/bin/java
564c52eab000-564c52ecc000 rw-p 00000000 00:00 0                          [heap]
7f6b3bd40000-7f6b3bffd000 rw-p 00000000 00:00 0 
7f6b3bffd000-7f6b3c2a7000 ---p 00000000 00:00 0 
7f6b3c2a7000-7f6b3c408000 rw-p 00000000 00:00 0 
7f6b3c408000-7f6b3c7be000 ---p 00000000 00:00 0 
7f6b3c7be000-7f6b3ca2e000 rwxp 00000000 00:00 0 
7f6b3ca2e000-7f6b4b7be000 ---p 00000000 00:00 0 
7f6b4b7be000-7f6b4b7c6000 r-xp 00000000 08:01 1753734                    /usr/lib/jvm/java-1.8.0-openjdk-1.8.0.282.b08-1.el7_9.x86_64/jre/lib/amd64/libzip.so
7f6b4b7c6000-7f6b4b9c5000 ---p 00008000 08:01 1753734                    /usr/lib/jvm/java-1.8.0-openjdk-1.8.0.282.b08-1.el7_9.x86_64/jre/lib/amd64/libzip.so
7f6b4b9c5000-7f6b4b9c6000 r--p 00007000 08:01 1753734                    /usr/lib/jvm/java-1.8.0-openjdk-1.8.0.282.b08-1.el7_9.x86_64/jre/lib/amd64/libzip.so
7f6b4b9c6000-7f6b4b9c7000 rw-p 00008000 08:01 1753734                    /usr/lib/jvm/java-1.8.0-openjdk-1.8.0.282.b08-1.el7_9.x86_64/jre/lib/amd64/libzip.so
7f6b4b9c7000-7f6b4b9de000 r-xp 00000000 08:01 1335617                    /usr/lib64/libnsl-2.17.so
7f6b4b9de000-7f6b4bbdd000 ---p 00017000 08:01 1335617                    /usr/lib64/libnsl-2.17.so
7f6b4bbdd000-7f6b4bbde000 r--p 00016000 08:01 1335617                    /usr/lib64/libnsl-2.17.so
7f6b4bbde000-7f6b4bbdf000 rw-p 00017000 08:01 1335617                    /usr/lib64/libnsl-2.17.so
7f6b4bbdf000-7f6b4bbe1000 rw-p 00000000 00:00 0 
7f6b4bbe1000-7f6b4bbec000 r-xp 00000000 08:01 1326332                    /usr/lib64/libnss_nis-2.17.so
7f6b4bbec000-7f6b4bdeb000 ---p 0000b000 08:01 1326332                    /usr/lib64/libnss_nis-2.17.so
7f6b4bdeb000-7f6b4bdec000 r--p 0000a000 08:01 1326332                    /usr/lib64/libnss_nis-2.17.so
7f6b4bdec000-7f6b4bded000 rw-p 0000b000 08:01 1326332                    /usr/lib64/libnss_nis-2.17.so
7f6b4bded000-7f6b4bdf9000 r-xp 00000000 08:01 1335621                    /usr/lib64/libnss_files-2.17.so
7f6b4bdf9000-7f6b4bff8000 ---p 0000c000 08:01 1335621                    /usr/lib64/libnss_files-2.17.so
7f6b4bff8000-7f6b4bff9000 r--p 0000b000 08:01 1335621                    /usr/lib64/libnss_files-2.17.so
7f6b4bff9000-7f6b4bffa000 rw-p 0000c000 08:01 1335621                    /usr/lib64/libnss_files-2.17.so
7f6b4bffa000-7f6b4c000000 rw-p 00000000 00:00 0 
7f6b4c000000-7f6b4c074000 rw-p 00000000 00:00 0 
7f6b4c074000-7f6b50000000 ---p 00000000 00:00 0 
7f6b50031000-7f6b5005b000 r-xp 00000000 08:01 1753704                    /usr/lib/jvm/java-1.8.0-openjdk-1.8.0.282.b08-1.el7_9.x86_64/jre/lib/amd64/libjava.so
7f6b5005b000-7f6b5025a000 ---p 0002a000 08:01 1753704                    /usr/lib/jvm/java-1.8.0-openjdk-1.8.0.282.b08-1.el7_9.x86_64/jre/lib/amd64/libjava.so
7f6b5025a000-7f6b5025b000 r--p 00029000 08:01 1753704                    /usr/lib/jvm/java-1.8.0-openjdk-1.8.0.282.b08-1.el7_9.x86_64/jre/lib/amd64/libjava.so
7f6b5025b000-7f6b5025d000 rw-p 0002a000 08:01 1753704                    /usr/lib/jvm/java-1.8.0-openjdk-1.8.0.282.b08-1.el7_9.x86_64/jre/lib/amd64/libjava.so
7f6b5025d000-7f6b5026a000 r-xp 00000000 08:01 1753733                    /usr/lib/jvm/java-1.8.0-openjdk-1.8.0.282.b08-1.el7_9.x86_64/jre/lib/amd64/libverify.so
7f6b5026a000-7f6b50469000 ---p 0000d000 08:01 1753733                    /usr/lib/jvm/java-1.8.0-openjdk-1.8.0.282.b08-1.el7_9.x86_64/jre/lib/amd64/libverify.so
7f6b50469000-7f6b5046b000 r--p 0000c000 08:01 1753733                    /usr/lib/jvm/java-1.8.0-openjdk-1.8.0.282.b08-1.el7_9.x86_64/jre/lib/amd64/libverify.so
7f6b5046b000-7f6b5046c000 rw-p 0000e000 08:01 1753733                    /usr/lib/jvm/java-1.8.0-openjdk-1.8.0.282.b08-1.el7_9.x86_64/jre/lib/amd64/libverify.so
7f6b5046c000-7f6b50473000 r-xp 00000000 08:01 1335776                    /usr/lib64/librt-2.17.so
7f6b50473000-7f6b50672000 ---p 00007000 08:01 1335776                    /usr/lib64/librt-2.17.so
7f6b50672000-7f6b50673000 r--p 00006000 08:01 1335776                    /usr/lib64/librt-2.17.so
7f6b50673000-7f6b50674000 rw-p 00007000 08:01 1335776                    /usr/lib64/librt-2.17.so
7f6b50674000-7f6b5068b000 r-xp 00000000 00:2a 6573637                    /mnt/share/local_CentOS7/lib64/libgcc_s.so.1
7f6b5068b000-7f6b5088a000 ---p 00017000 00:2a 6573637                    /mnt/share/local_CentOS7/lib64/libgcc_s.so.1
7f6b5088a000-7f6b5088b000 r--p 00016000 00:2a 6573637                    /mnt/share/local_CentOS7/lib64/libgcc_s.so.1
7f6b5088b000-7f6b5088c000 rw-p 00017000 00:2a 6573637                    /mnt/share/local_CentOS7/lib64/libgcc_s.so.1
7f6b5088c000-7f6b5098d000 r-xp 00000000 08:01 1335432                    /usr/lib64/libm-2.17.so
7f6b5098d000-7f6b50b8c000 ---p 00101000 08:01 1335432                    /usr/lib64/libm-2.17.so
7f6b50b8c000-7f6b50b8d000 r--p 00100000 08:01 1335432                    /usr/lib64/libm-2.17.so
7f6b50b8d000-7f6b50b8e000 rw-p 00101000 08:01 1335432                    /usr/lib64/libm-2.17.so
7f6b50b8e000-7f6b50d57000 r-xp 00000000 00:2a 6575065                    /mnt/share/local_CentOS7/lib64/libstdc++.so.6.0.27
7f6b50d57000-7f6b50f56000 ---p 001c9000 00:2a 6575065                    /mnt/share/local_CentOS7/lib64/libstdc++.so.6.0.27
7f6b50f56000-7f6b50f61000 r--p 001c8000 00:2a 6575065                    /mnt/share/local_CentOS7/lib64/libstdc++.so.6.0.27
7f6b50f61000-7f6b50f64000 rw-p 001d3000 00:2a 6575065                    /mnt/share/local_CentOS7/lib64/libstdc++.so.6.0.27
7f6b50f64000-7f6b50f67000 rw-p 00000000 00:00 0 
7f6b50f67000-7f6b51cfa000 r-xp 00000000 08:01 1753738                    /usr/lib/jvm/java-1.8.0-openjdk-1.8.0.282.b08-1.el7_9.x86_64/jre/lib/amd64/server/libjvm.so
7f6b51cfa000-7f6b51efa000 ---p 00d93000 08:01 1753738                    /usr/lib/jvm/java-1.8.0-openjdk-1.8.0.282.b08-1.el7_9.x86_64/jre/lib/amd64/server/libjvm.so
7f6b51efa000-7f6b51fa7000 r--p 00d93000 08:01 1753738                    /usr/lib/jvm/java-1.8.0-openjdk-1.8.0.282.b08-1.el7_9.x86_64/jre/lib/amd64/server/libjvm.so
7f6b51fa7000-7f6b51fd2000 rw-p 00e40000 08:01 1753738                    /usr/lib/jvm/java-1.8.0-openjdk-1.8.0.282.b08-1.el7_9.x86_64/jre/lib/amd64/server/libjvm.so
7f6b51fd2000-7f6b52008000 rw-p 00000000 00:00 0 
7f6b52008000-7f6b521cc000 r-xp 00000000 08:01 1317709                    /usr/lib64/libc-2.17.so
7f6b521cc000-7f6b523cb000 ---p 001c4000 08:01 1317709                    /usr/lib64/libc-2.17.so
7f6b523cb000-7f6b523cf000 r--p 001c3000 08:01 1317709                    /usr/lib64/libc-2.17.so
7f6b523cf000-7f6b523d1000 rw-p 001c7000 08:01 1317709                    /usr/lib64/libc-2.17.so
7f6b523d1000-7f6b523d6000 rw-p 00000000 00:00 0 
7f6b523d6000-7f6b523d8000 r-xp 00000000 08:01 1335245                    /usr/lib64/libdl-2.17.so
7f6b523d8000-7f6b525d8000 ---p 00002000 08:01 1335245                    /usr/lib64/libdl-2.17.so
7f6b525d8000-7f6b525d9000 r--p 00002000 08:01 1335245                    /usr/lib64/libdl-2.17.so
7f6b525d9000-7f6b525da000 rw-p 00003000 08:01 1335245                    /usr/lib64/libdl-2.17.so
7f6b525da000-7f6b525e8000 r-xp 00000000 08:01 1754672                    /usr/lib/jvm/java-1.8.0-openjdk-1.8.0.282.b08-1.el7_9.x86_64/lib/amd64/jli/libjli.so
7f6b525e8000-7f6b527e7000 ---p 0000e000 08:01 1754672                    /usr/lib/jvm/java-1.8.0-openjdk-1.8.0.282.b08-1.el7_9.x86_64/lib/amd64/jli/libjli.so
7f6b527e7000-7f6b527e8000 r--p 0000d000 08:01 1754672                    /usr/lib/jvm/java-1.8.0-openjdk-1.8.0.282.b08-1.el7_9.x86_64/lib/amd64/jli/libjli.so
7f6b527e8000-7f6b527e9000 rw-p 0000e000 08:01 1754672                    /usr/lib/jvm/java-1.8.0-openjdk-1.8.0.282.b08-1.el7_9.x86_64/lib/amd64/jli/libjli.so
7f6b527e9000-7f6b527fe000 r-xp 00000000 08:01 1322864                    /usr/lib64/libz.so.1.2.7
7f6b527fe000-7f6b529fd000 ---p 00015000 08:01 1322864                    /usr/lib64/libz.so.1.2.7
7f6b529fd000-7f6b529fe000 r--p 00014000 08:01 1322864                    /usr/lib64/libz.so.1.2.7
7f6b529fe000-7f6b529ff000 rw-p 00015000 08:01 1322864                    /usr/lib64/libz.so.1.2.7
7f6b529ff000-7f6b52a16000 r-xp 00000000 08:01 1326343                    /usr/lib64/libpthread-2.17.so
7f6b52a16000-7f6b52c15000 ---p 00017000 08:01 1326343                    /usr/lib64/libpthread-2.17.so
7f6b52c15000-7f6b52c16000 r--p 00016000 08:01 1326343                    /usr/lib64/libpthread-2.17.so
7f6b52c16000-7f6b52c17000 rw-p 00017000 08:01 1326343                    /usr/lib64/libpthread-2.17.so
7f6b52c17000-7f6b52c1b000 rw-p 00000000 00:00 0 
7f6b52c1b000-7f6b52c3d000 r-xp 00000000 08:01 1317340                    /usr/lib64/ld-2.17.so
7f6b52ce7000-7f6b52d2b000 rw-p 00000000 00:00 0 
7f6b52d2b000-7f6b52d33000 rw-s 00000000 00:25 904595328                  /tmp/hsperfdata_louise/9157
7f6b52d33000-7f6b52d34000 rw-p 00000000 00:00 0 
7f6b52d34000-7f6b52d35000 r--p 00000000 00:00 0 
7f6b52d35000-7f6b52d39000 ---p 00000000 00:00 0 
7f6b52d39000-7f6b52e3c000 rw-p 00000000 00:00 0 
7f6b52e3c000-7f6b52e3d000 r--p 00021000 08:01 1317340                    /usr/lib64/ld-2.17.so
7f6b52e3d000-7f6b52e3e000 rw-p 00022000 08:01 1317340                    /usr/lib64/ld-2.17.so
7f6b52e3e000-7f6b52e3f000 rw-p 00000000 00:00 0 
7ffd6bc4d000-7ffd6bc70000 rw-p 00000000 00:00 0                          [stack]
7ffd6bd10000-7ffd6bd12000 r-xp 00000000 00:00 0                          [vdso]
ffffffffff600000-ffffffffff601000 r-xp 00000000 00:00 0                  [vsyscall]

VM Arguments:
jvm_args: -DCLAS12DIR=/home/louise/coatjava -Xms2048m -Xmx2048m -Dfile.encoding=UTF-8 
java_command: org.jlab.calib.services.ctof.CTOFCalibration
java_class_path (initial): /home/louise/workspace/clas12calibration-tof/target/classes:/home/louise/.m2/repository/org/jlab/coat/coat-libs/6.6.0-SNAPSHOT/coat-libs-6.6.0-SNAPSHOT.jar:/home/louise/.m2/repository/org/jlab/coda/jclara/4.3-SNAPSHOT/jclara-4.3-SNAPSHOT.jar:/home/louise/.m2/repository/org/jlab/coda/xmsg/2.3/xmsg-2.3.jar:/home/louise/.m2/repository/org/zeromq/jeromq/0.3.6/jeromq-0.3.6.jar:/home/louise/.m2/repository/com/google/protobuf/protobuf-java/2.6.1/protobuf-java-2.6.1.jar:/home/louise/.m2/repository/org/yaml/snakeyaml/1.18/snakeyaml-1.18.jar:/home/louise/.m2/repository/org/json/json/20160810/json-20160810.jar:/home/louise/.m2/repository/org/jline/jline/3.1.3/jline-3.1.3.jar:/home/louise/.m2/repository/org/apache/commons/commons-exec/1.3/commons-exec-1.3.jar:/home/louise/.m2/repository/org/freemarker/freemarker/2.3.26-incubating/freemarker-2.3.26-incubating.jar:/home/louise/.m2/repository/net/sf/jopt-simple/jopt-simple/4.9/jopt-simple-4.9.jar:/home/louise/.m2/repository/com/google/code/findbugs/jsr305/3.0.1/jsr305-3.0.1.jar:/home/louise/.m2/repository/org/jlab/coda/jinflux/1.0-SNAPSHOT/jinflux-1.0-SNAPSHOT.jar:/home/louise/.m2/repository/org/influxdb/influxdb-java/2.2/influxdb-java-2.2.jar:/home/louise/.m2/repository/com/google/guava/guava/18.0/guava-18.0.jar:/home/louise/.m2/repository/com/squareup/retrofit/retrofit/1.9.0/retrofit-1.9.0.jar:/home/louise/.m2/repository/com/google/code/gson/gson/2.3.1/gson-2.3.1.jar:/home/louise/.m2/repository/com/squareup/okhttp/okhttp/2.4.0/okhttp-2.4.0.jar:/home/louise/.m2/repository/com/squareup/okio/okio/1.4.0/okio-1.4.0.jar
Launcher Type: SUN_STANDARD

Environment Variables:
PATH=.:/home/alienMaster/shared/alien/bin:/usr/local/qt/bin:/home/louise/rootbeer2.2/bin/Linux64RHCentOS7.9:/usr/local/claslib/builds/G8G9/bin/Linux64RHEL7:./:/home/louise/bin:/bin:/usr/bin:/usr/bin/X11:/usr/local/bin:/usr/local/OpenOffice.org2.0.3/program:/cern/cernlib/x86_64_rhel6_4.7.2/2005/bin:/cern/cernlib/x86_64_rhel6_4.7.2/2005/bin:/cern/root/v6.20.04/bin:/home/louise/local/bin:/home/epics/epics/base/bin/linux-x86_64:/home/epics/epics/extensions/bin/linux-x86_64:/home/epics/epicsqt/applications/QEGuiApp:/cern/cernlib/x86_64_rhel6_4.7.2/2005/bin:/cern/root/v6.20.04/bin
LD_LIBRARY_PATH=/cern/root/qtroot2.3/interface:/usr/local/qt/lib:/home/louise/rootbeer2.2/src:/home/louise/rootbeer2.2/extra_packages/eloss_rb/:/home/louise/rootbeer2.2/slib/Linux64RHCentOS7.9:/usr/local/claslib/builds/G8G9/packages/utilities/cobra//lib:/usr/local/claslib/builds/G8G9/lib/Linux64RHEL7:/usr/local/claslib/builds/G8G9/slib/Linux64RHEL7:/usr/local/claslib/builds/G8G9/lib/Linux64RHEL7:./:/usr/X11R6/lib:/usr/local/lib64:/usr/lib64/nvidia:/usr/local/lib:/usr/lib:/usr/lib64:/usr/java:/cern/cernlib/x86_64_rhel6_4.7.2/2005/lib:/cern/root/v6.20.04/lib:/home/louise/local/lib:/home/louise/HASPECT6/HaSpect/:/home/epics/epics/base/lib/linux-x86_64:/home/epics/epics/extensions/lib/linux-x86_64:/usr/local/lib64:/cern/root/v6.20.04/lib:/home/louise/clas-root/lib
SHELL=/bin/tcsh
DISPLAY=:1
HOSTTYPE=x86_64-linux
OSTYPE=linux
MACHTYPE=x86_64

Signal Handlers:
SIGSEGV: [libjvm.so+0xb5e650], sa_mask[0]=11111111011111111101111111111110, sa_flags=SA_RESTART|SA_SIGINFO
SIGBUS: [libjvm.so+0xb5e650], sa_mask[0]=11111111011111111101111111111110, sa_flags=SA_RESTART|SA_SIGINFO
SIGFPE: [libjvm.so+0x93b000], sa_mask[0]=11111111011111111101111111111110, sa_flags=SA_RESTART|SA_SIGINFO
SIGPIPE: [libjvm.so+0x93b000], sa_mask[0]=11111111011111111101111111111110, sa_flags=SA_RESTART|SA_SIGINFO
SIGXFSZ: [libjvm.so+0x93b000], sa_mask[0]=11111111011111111101111111111110, sa_flags=SA_RESTART|SA_SIGINFO
SIGILL: [libjvm.so+0x93b000], sa_mask[0]=11111111011111111101111111111110, sa_flags=SA_RESTART|SA_SIGINFO
SIGUSR1: SIG_DFL, sa_mask[0]=00000000000000000000000000000000, sa_flags=none
SIGUSR2: [libjvm.so+0x93aeb0], sa_mask[0]=00100000000000000000000000000000, sa_flags=SA_RESTART|SA_SIGINFO
SIGHUP: SIG_DFL, sa_mask[0]=00000000000000000000000000000000, sa_flags=none
SIGINT: SIG_DFL, sa_mask[0]=00000000000000000000000000000000, sa_flags=none
SIGTERM: SIG_DFL, sa_mask[0]=00000000000000000000000000000000, sa_flags=none
SIGQUIT: SIG_DFL, sa_mask[0]=00000000000000000000000000000000, sa_flags=none


---------------  S Y S T E M  ---------------

OS:CentOS Linux release 7.9.2009 (Core)

uname:Linux 3.10.0-1062.4.1.el7.x86_64 #1 SMP Fri Oct 18 17:15:30 UTC 2019 x86_64
libc:glibc 2.17 NPTL 2.17 
rlimit: STACK 8192k, CORE 0k, NPROC 4096, NOFILE 4096, AS infinity
load average:2.20 2.47 2.06

/proc/meminfo:
MemTotal:       16337304 kB
MemFree:          166276 kB
MemAvailable:     320884 kB
Buffers:             892 kB
Cached:          1076064 kB
SwapCached:        47656 kB
Active:         13747960 kB
Inactive:        1700008 kB
Active(anon):   13665532 kB
Inactive(anon):  1636452 kB
Active(file):      82428 kB
Inactive(file):    63556 kB
Unevictable:         136 kB
Mlocked:               0 kB
SwapTotal:       8191996 kB
SwapFree:         717652 kB
Dirty:              1908 kB
Writeback:             0 kB
AnonPages:      14323880 kB
Mapped:           415072 kB
Shmem:            930864 kB
Slab:             443552 kB
SReclaimable:     333268 kB
SUnreclaim:       110284 kB
KernelStack:       24752 kB
PageTables:       105120 kB
NFS_Unstable:          0 kB
Bounce:                0 kB
WritebackTmp:          0 kB
CommitLimit:    16360648 kB
Committed_AS:   42357148 kB
VmallocTotal:   34359738367 kB
VmallocUsed:      370196 kB
VmallocChunk:   34358945788 kB
HardwareCorrupted:     0 kB
AnonHugePages:     59392 kB
CmaTotal:              0 kB
CmaFree:               0 kB
HugePages_Total:       0
HugePages_Free:        0
HugePages_Rsvd:        0
HugePages_Surp:        0
Hugepagesize:       2048 kB
DirectMap4k:      502316 kB
DirectMap2M:    16181248 kB
DirectMap1G:           0 kB

container (cgroup) information:
container_type: cgroupv1
cpu_cpuset_cpus: 0-7
cpu_memory_nodes: 0
active_processor_count: 8
cpu_quota: -1
cpu_period: 100000
cpu_shares: -1
memory_limit_in_bytes: -1
memory_and_swap_limit_in_bytes: -1
memory_soft_limit_in_bytes: -1
memory_usage_in_bytes: 15818227712
memory_max_usage_in_bytes: 0


CPU:total 8 (initial active 8) (4 cores per cpu, 2 threads per core) family 6 model 60 stepping 3, cmov, cx8, fxsr, mmx, sse, sse2, sse3, ssse3, sse4.1, sse4.2, popcnt, avx, avx2, aes, clmul, erms, lzcnt, ht, tsc, tscinvbit, bmi1, bmi2

/proc/cpuinfo:
processor	: 0
vendor_id	: GenuineIntel
cpu family	: 6
model		: 60
model name	: Intel(R) Core(TM) i7-4790 CPU @ 3.60GHz
stepping	: 3
microcode	: 0x28
cpu MHz		: 3984.301
cache size	: 8192 KB
physical id	: 0
siblings	: 8
core id		: 0
cpu cores	: 4
apicid		: 0
initial apicid	: 0
fpu		: yes
fpu_exception	: yes
cpuid level	: 13
wp		: yes
flags		: fpu vme de pse tsc msr pae mce cx8 apic sep mtrr pge mca cmov pat pse36 clflush dts acpi mmx fxsr sse sse2 ss ht tm pbe syscall nx pdpe1gb rdtscp lm constant_tsc arch_perfmon pebs bts rep_good nopl xtopology nonstop_tsc aperfmperf eagerfpu pni pclmulqdq dtes64 monitor ds_cpl vmx smx est tm2 ssse3 sdbg fma cx16 xtpr pdcm pcid sse4_1 sse4_2 x2apic movbe popcnt tsc_deadline_timer aes xsave avx f16c rdrand lahf_lm abm epb invpcid_single ssbd ibrs ibpb stibp tpr_shadow vnmi flexpriority ept vpid fsgsbase tsc_adjust bmi1 avx2 smep bmi2 erms invpcid xsaveopt dtherm ida arat pln pts md_clear spec_ctrl intel_stibp flush_l1d
bogomips	: 7183.56
clflush size	: 64
cache_alignment	: 64
address sizes	: 39 bits physical, 48 bits virtual
power management:

processor	: 1
vendor_id	: GenuineIntel
cpu family	: 6
model		: 60
model name	: Intel(R) Core(TM) i7-4790 CPU @ 3.60GHz
stepping	: 3
microcode	: 0x28
cpu MHz		: 3846.533
cache size	: 8192 KB
physical id	: 0
siblings	: 8
core id		: 1
cpu cores	: 4
apicid		: 2
initial apicid	: 2
fpu		: yes
fpu_exception	: yes
cpuid level	: 13
wp		: yes
flags		: fpu vme de pse tsc msr pae mce cx8 apic sep mtrr pge mca cmov pat pse36 clflush dts acpi mmx fxsr sse sse2 ss ht tm pbe syscall nx pdpe1gb rdtscp lm constant_tsc arch_perfmon pebs bts rep_good nopl xtopology nonstop_tsc aperfmperf eagerfpu pni pclmulqdq dtes64 monitor ds_cpl vmx smx est tm2 ssse3 sdbg fma cx16 xtpr pdcm pcid sse4_1 sse4_2 x2apic movbe popcnt tsc_deadline_timer aes xsave avx f16c rdrand lahf_lm abm epb invpcid_single ssbd ibrs ibpb stibp tpr_shadow vnmi flexpriority ept vpid fsgsbase tsc_adjust bmi1 avx2 smep bmi2 erms invpcid xsaveopt dtherm ida arat pln pts md_clear spec_ctrl intel_stibp flush_l1d
bogomips	: 7183.56
clflush size	: 64
cache_alignment	: 64
address sizes	: 39 bits physical, 48 bits virtual
power management:

processor	: 2
vendor_id	: GenuineIntel
cpu family	: 6
model		: 60
model name	: Intel(R) Core(TM) i7-4790 CPU @ 3.60GHz
stepping	: 3
microcode	: 0x28
cpu MHz		: 3835.766
cache size	: 8192 KB
physical id	: 0
siblings	: 8
core id		: 2
cpu cores	: 4
apicid		: 4
initial apicid	: 4
fpu		: yes
fpu_exception	: yes
cpuid level	: 13
wp		: yes
flags		: fpu vme de pse tsc msr pae mce cx8 apic sep mtrr pge mca cmov pat pse36 clflush dts acpi mmx fxsr sse sse2 ss ht tm pbe syscall nx pdpe1gb rdtscp lm constant_tsc arch_perfmon pebs bts rep_good nopl xtopology nonstop_tsc aperfmperf eagerfpu pni pclmulqdq dtes64 monitor ds_cpl vmx smx est tm2 ssse3 sdbg fma cx16 xtpr pdcm pcid sse4_1 sse4_2 x2apic movbe popcnt tsc_deadline_timer aes xsave avx f16c rdrand lahf_lm abm epb invpcid_single ssbd ibrs ibpb stibp tpr_shadow vnmi flexpriority ept vpid fsgsbase tsc_adjust bmi1 avx2 smep bmi2 erms invpcid xsaveopt dtherm ida arat pln pts md_clear spec_ctrl intel_stibp flush_l1d
bogomips	: 7183.56
clflush size	: 64
cache_alignment	: 64
address sizes	: 39 bits physical, 48 bits virtual
power management:

processor	: 3
vendor_id	: GenuineIntel
cpu family	: 6
model		: 60
model name	: Intel(R) Core(TM) i7-4790 CPU @ 3.60GHz
stepping	: 3
microcode	: 0x28
cpu MHz		: 3958.593
cache size	: 8192 KB
physical id	: 0
siblings	: 8
core id		: 3
cpu cores	: 4
apicid		: 6
initial apicid	: 6
fpu		: yes
fpu_exception	: yes
cpuid level	: 13
wp		: yes
flags		: fpu vme de pse tsc msr pae mce cx8 apic sep mtrr pge mca cmov pat pse36 clflush dts acpi mmx fxsr sse sse2 ss ht tm pbe syscall nx pdpe1gb rdtscp lm constant_tsc arch_perfmon pebs bts rep_good nopl xtopology nonstop_tsc aperfmperf eagerfpu pni pclmulqdq dtes64 monitor ds_cpl vmx smx est tm2 ssse3 sdbg fma cx16 xtpr pdcm pcid sse4_1 sse4_2 x2apic movbe popcnt tsc_deadline_timer aes xsave avx f16c rdrand lahf_lm abm epb invpcid_single ssbd ibrs ibpb stibp tpr_shadow vnmi flexpriority ept vpid fsgsbase tsc_adjust bmi1 avx2 smep bmi2 erms invpcid xsaveopt dtherm ida arat pln pts md_clear spec_ctrl intel_stibp flush_l1d
bogomips	: 7183.56
clflush size	: 64
cache_alignment	: 64
address sizes	: 39 bits physical, 48 bits virtual
power management:

processor	: 4
vendor_id	: GenuineIntel
cpu family	: 6
model		: 60
model name	: Intel(R) Core(TM) i7-4790 CPU @ 3.60GHz
stepping	: 3
microcode	: 0x28
cpu MHz		: 3969.799
cache size	: 8192 KB
physical id	: 0
siblings	: 8
core id		: 0
cpu cores	: 4
apicid		: 1
initial apicid	: 1
fpu		: yes
fpu_exception	: yes
cpuid level	: 13
wp		: yes
flags		: fpu vme de pse tsc msr pae mce cx8 apic sep mtrr pge mca cmov pat pse36 clflush dts acpi mmx fxsr sse sse2 ss ht tm pbe syscall nx pdpe1gb rdtscp lm constant_tsc arch_perfmon pebs bts rep_good nopl xtopology nonstop_tsc aperfmperf eagerfpu pni pclmulqdq dtes64 monitor ds_cpl vmx smx est tm2 ssse3 sdbg fma cx16 xtpr pdcm pcid sse4_1 sse4_2 x2apic movbe popcnt tsc_deadline_timer aes xsave avx f16c rdrand lahf_lm abm epb invpcid_single ssbd ibrs ibpb stibp tpr_shadow vnmi flexpriority ept vpid fsgsbase tsc_adjust bmi1 avx2 smep bmi2 erms invpcid xsaveopt dtherm ida arat pln pts md_clear spec_ctrl intel_stibp flush_l1d
bogomips	: 7183.56
clflush size	: 64
cache_alignment	: 64
address sizes	: 39 bits physical, 48 bits virtual
power management:

processor	: 5
vendor_id	: GenuineIntel
cpu family	: 6
model		: 60
model name	: Intel(R) Core(TM) i7-4790 CPU @ 3.60GHz
stepping	: 3
microcode	: 0x28
cpu MHz		: 3855.541
cache size	: 8192 KB
physical id	: 0
siblings	: 8
core id		: 1
cpu cores	: 4
apicid		: 3
initial apicid	: 3
fpu		: yes
fpu_exception	: yes
cpuid level	: 13
wp		: yes
flags		: fpu vme de pse tsc msr pae mce cx8 apic sep mtrr pge mca cmov pat pse36 clflush dts acpi mmx fxsr sse sse2 ss ht tm pbe syscall nx pdpe1gb rdtscp lm constant_tsc arch_perfmon pebs bts rep_good nopl xtopology nonstop_tsc aperfmperf eagerfpu pni pclmulqdq dtes64 monitor ds_cpl vmx smx est tm2 ssse3 sdbg fma cx16 xtpr pdcm pcid sse4_1 sse4_2 x2apic movbe popcnt tsc_deadline_timer aes xsave avx f16c rdrand lahf_lm abm epb invpcid_single ssbd ibrs ibpb stibp tpr_shadow vnmi flexpriority ept vpid fsgsbase tsc_adjust bmi1 avx2 smep bmi2 erms invpcid xsaveopt dtherm ida arat pln pts md_clear spec_ctrl intel_stibp flush_l1d
bogomips	: 7183.56
clflush size	: 64
cache_alignment	: 64
address sizes	: 39 bits physical, 48 bits virtual
power management:

processor	: 6
vendor_id	: GenuineIntel
cpu family	: 6
model		: 60
model name	: Intel(R) Core(TM) i7-4790 CPU @ 3.60GHz
stepping	: 3
microcode	: 0x28
cpu MHz		: 3825.219
cache size	: 8192 KB
physical id	: 0
siblings	: 8
core id		: 2
cpu cores	: 4
apicid		: 5
initial apicid	: 5
fpu		: yes
fpu_exception	: yes
cpuid level	: 13
wp		: yes
flags		: fpu vme de pse tsc msr pae mce cx8 apic sep mtrr pge mca cmov pat pse36 clflush dts acpi mmx fxsr sse sse2 ss ht tm pbe syscall nx pdpe1gb rdtscp lm constant_tsc arch_perfmon pebs bts rep_good nopl xtopology nonstop_tsc aperfmperf eagerfpu pni pclmulqdq dtes64 monitor ds_cpl vmx smx est tm2 ssse3 sdbg fma cx16 xtpr pdcm pcid sse4_1 sse4_2 x2apic movbe popcnt tsc_deadline_timer aes xsave avx f16c rdrand lahf_lm abm epb invpcid_single ssbd ibrs ibpb stibp tpr_shadow vnmi flexpriority ept vpid fsgsbase tsc_adjust bmi1 avx2 smep bmi2 erms invpcid xsaveopt dtherm ida arat pln pts md_clear spec_ctrl intel_stibp flush_l1d
bogomips	: 7183.56
clflush size	: 64
cache_alignment	: 64
address sizes	: 39 bits physical, 48 bits virtual
power management:

processor	: 7
vendor_id	: GenuineIntel
cpu family	: 6
model		: 60
model name	: Intel(R) Core(TM) i7-4790 CPU @ 3.60GHz
stepping	: 3
microcode	: 0x28
cpu MHz		: 3909.594
cache size	: 8192 KB
physical id	: 0
siblings	: 8
core id		: 3
cpu cores	: 4
apicid		: 7
initial apicid	: 7
fpu		: yes
fpu_exception	: yes
cpuid level	: 13
wp		: yes
flags		: fpu vme de pse tsc msr pae mce cx8 apic sep mtrr pge mca cmov pat pse36 clflush dts acpi mmx fxsr sse sse2 ss ht tm pbe syscall nx pdpe1gb rdtscp lm constant_tsc arch_perfmon pebs bts rep_good nopl xtopology nonstop_tsc aperfmperf eagerfpu pni pclmulqdq dtes64 monitor ds_cpl vmx smx est tm2 ssse3 sdbg fma cx16 xtpr pdcm pcid sse4_1 sse4_2 x2apic movbe popcnt tsc_deadline_timer aes xsave avx f16c rdrand lahf_lm abm epb invpcid_single ssbd ibrs ibpb stibp tpr_shadow vnmi flexpriority ept vpid fsgsbase tsc_adjust bmi1 avx2 smep bmi2 erms invpcid xsaveopt dtherm ida arat pln pts md_clear spec_ctrl intel_stibp flush_l1d
bogomips	: 7183.56
clflush size	: 64
cache_alignment	: 64
address sizes	: 39 bits physical, 48 bits virtual
power management:



Memory: 4k page, physical 16337304k(166276k free), swap 8191996k(717652k free)

vm_info: OpenJDK 64-Bit Server VM (25.282-b08) for linux-amd64 JRE (1.8.0_282-b08), built on Jan 22 2021 15:39:19 by "mockbuild" with gcc 4.8.5 20150623 (Red Hat 4.8.5-44)

time: Mon Mar 22 19:01:08 2021
timezone: GMT
elapsed time: 0.246626 seconds (0d 0h 0m 0s)

